2020-05-27 12:44:47.365  INFO 80 --- [main] c.m.example.test.HotelControllerTest     : Starting HotelControllerTest on LIN37000211 with PID 80 (started by mahbalas in C:\Users\mahbalas\Backup\D Drive\mahesh\Documents\Java_Docs\spring-boot-rest-example-master)
2020-05-27 12:44:47.367  INFO 80 --- [main] c.m.example.test.HotelControllerTest     : The following profiles are active: test
2020-05-27 12:44:47.475  INFO 80 --- [main] o.s.w.c.s.GenericWebApplicationContext   : Refreshing org.springframework.web.context.support.GenericWebApplicationContext@65f8f5ae: startup date [Wed May 27 12:44:47 IST 2020]; root of context hierarchy
2020-05-27 12:44:53.875  INFO 80 --- [main] trationDelegate$BeanPostProcessorChecker : Bean 'org.springframework.transaction.annotation.ProxyTransactionManagementConfiguration' of type [org.springframework.transaction.annotation.ProxyTransactionManagementConfiguration$$EnhancerBySpringCGLIB$$ac326400] is not eligible for getting processed by all BeanPostProcessors (for example: not eligible for auto-proxying)
2020-05-27 12:44:56.140  INFO 80 --- [main] j.LocalContainerEntityManagerFactoryBean : Building JPA container EntityManagerFactory for persistence unit 'default'
2020-05-27 12:44:56.186  INFO 80 --- [main] o.hibernate.jpa.internal.util.LogHelper  : HHH000204: Processing PersistenceUnitInfo [
	name: default
	...]
2020-05-27 12:44:56.413  INFO 80 --- [main] org.hibernate.Version                    : HHH000412: Hibernate Core {5.0.12.Final}
2020-05-27 12:44:56.416  INFO 80 --- [main] org.hibernate.cfg.Environment            : HHH000206: hibernate.properties not found
2020-05-27 12:44:56.421  INFO 80 --- [main] org.hibernate.cfg.Environment            : HHH000021: Bytecode provider name : javassist
2020-05-27 12:44:56.659  INFO 80 --- [main] o.hibernate.annotations.common.Version   : HCANN000001: Hibernate Commons Annotations {5.0.1.Final}
2020-05-27 12:44:56.937  INFO 80 --- [main] org.hibernate.dialect.Dialect            : HHH000400: Using dialect: org.hibernate.dialect.H2Dialect
2020-05-27 12:44:59.288  INFO 80 --- [main] org.hibernate.tool.hbm2ddl.SchemaExport  : HHH000227: Running hbm2ddl schema export
2020-05-27 12:44:59.327  INFO 80 --- [main] org.hibernate.tool.hbm2ddl.SchemaExport  : HHH000230: Schema export complete
2020-05-27 12:44:59.435  INFO 80 --- [main] j.LocalContainerEntityManagerFactoryBean : Initialized JPA EntityManagerFactory for persistence unit 'default'
2020-05-27 12:45:00.974  WARN 80 --- [main] figurationPropertiesBindingPostProcessor : The @ConfigurationProperties bean class com.mahesh.example.service.ServiceProperties contains validation constraints but had not been annotated with @Validated.
2020-05-27 12:45:00.975  WARN 80 --- [main] figurationPropertiesBindingPostProcessor : The @ConfigurationProperties bean class com.mahesh.example.service.ServiceProperties contains validation constraints but had not been annotated with @Validated.
2020-05-27 12:45:00.977  WARN 80 --- [main] figurationPropertiesBindingPostProcessor : The @ConfigurationProperties bean class com.mahesh.example.service.ServiceProperties contains validation constraints but had not been annotated with @Validated.
2020-05-27 12:45:02.439  INFO 80 --- [main] s.w.s.m.m.a.RequestMappingHandlerMapping : Mapped "{[/example/v1/hotels],methods=[POST],consumes=[application/json || application/xml],produces=[application/json || application/xml]}" onto public void com.mahesh.example.api.rest.HotelController.createHotel(com.mahesh.example.domain.Hotel,javax.servlet.http.HttpServletRequest,javax.servlet.http.HttpServletResponse)
2020-05-27 12:45:02.441  INFO 80 --- [main] s.w.s.m.m.a.RequestMappingHandlerMapping : Mapped "{[/example/v1/hotels],methods=[GET],produces=[application/json || application/xml]}" onto public org.springframework.data.domain.Page<com.mahesh.example.domain.Hotel> com.mahesh.example.api.rest.HotelController.getAllHotel(java.lang.Integer,java.lang.Integer,javax.servlet.http.HttpServletRequest,javax.servlet.http.HttpServletResponse)
2020-05-27 12:45:02.442  INFO 80 --- [main] s.w.s.m.m.a.RequestMappingHandlerMapping : Mapped "{[/example/v1/hotels/{id}],methods=[PUT],consumes=[application/json || application/xml],produces=[application/json || application/xml]}" onto public void com.mahesh.example.api.rest.HotelController.updateHotel(java.lang.Long,com.mahesh.example.domain.Hotel,javax.servlet.http.HttpServletRequest,javax.servlet.http.HttpServletResponse)
2020-05-27 12:45:02.444  INFO 80 --- [main] s.w.s.m.m.a.RequestMappingHandlerMapping : Mapped "{[/example/v1/hotels/{id}],methods=[DELETE],produces=[application/json || application/xml]}" onto public void com.mahesh.example.api.rest.HotelController.deleteHotel(java.lang.Long,javax.servlet.http.HttpServletRequest,javax.servlet.http.HttpServletResponse)
2020-05-27 12:45:02.445  INFO 80 --- [main] s.w.s.m.m.a.RequestMappingHandlerMapping : Mapped "{[/example/v1/hotels/{id}],methods=[GET],produces=[application/json || application/xml]}" onto public com.mahesh.example.domain.Hotel com.mahesh.example.api.rest.HotelController.getHotel(java.lang.Long,javax.servlet.http.HttpServletRequest,javax.servlet.http.HttpServletResponse) throws java.lang.Exception
2020-05-27 12:45:02.448  INFO 80 --- [main] s.w.s.m.m.a.RequestMappingHandlerMapping : Mapped "{[/v2/api-docs],methods=[GET],produces=[application/json || application/hal+json]}" onto public org.springframework.http.ResponseEntity<springfox.documentation.spring.web.json.Json> springfox.documentation.swagger2.web.Swagger2Controller.getDocumentation(java.lang.String,javax.servlet.http.HttpServletRequest)
2020-05-27 12:45:02.462  INFO 80 --- [main] s.w.s.m.m.a.RequestMappingHandlerMapping : Mapped "{[/swagger-resources/configuration/ui]}" onto org.springframework.http.ResponseEntity<springfox.documentation.swagger.web.UiConfiguration> springfox.documentation.swagger.web.ApiResourceController.uiConfiguration()
2020-05-27 12:45:02.465  INFO 80 --- [main] s.w.s.m.m.a.RequestMappingHandlerMapping : Mapped "{[/swagger-resources]}" onto org.springframework.http.ResponseEntity<java.util.List<springfox.documentation.swagger.web.SwaggerResource>> springfox.documentation.swagger.web.ApiResourceController.swaggerResources()
2020-05-27 12:45:02.466  INFO 80 --- [main] s.w.s.m.m.a.RequestMappingHandlerMapping : Mapped "{[/swagger-resources/configuration/security]}" onto org.springframework.http.ResponseEntity<springfox.documentation.swagger.web.SecurityConfiguration> springfox.documentation.swagger.web.ApiResourceController.securityConfiguration()
2020-05-27 12:45:02.473  INFO 80 --- [main] s.w.s.m.m.a.RequestMappingHandlerMapping : Mapped "{[/error]}" onto public org.springframework.http.ResponseEntity<java.util.Map<java.lang.String, java.lang.Object>> org.springframework.boot.autoconfigure.web.BasicErrorController.error(javax.servlet.http.HttpServletRequest)
2020-05-27 12:45:02.474  INFO 80 --- [main] s.w.s.m.m.a.RequestMappingHandlerMapping : Mapped "{[/error],produces=[text/html]}" onto public org.springframework.web.servlet.ModelAndView org.springframework.boot.autoconfigure.web.BasicErrorController.errorHtml(javax.servlet.http.HttpServletRequest,javax.servlet.http.HttpServletResponse)
2020-05-27 12:45:04.455  INFO 80 --- [main] s.w.s.m.m.a.RequestMappingHandlerAdapter : Looking for @ControllerAdvice: org.springframework.web.context.support.GenericWebApplicationContext@65f8f5ae: startup date [Wed May 27 12:44:47 IST 2020]; root of context hierarchy
2020-05-27 12:45:04.633  INFO 80 --- [main] o.s.w.s.handler.SimpleUrlHandlerMapping  : Mapped URL path [/webjars/**] onto handler of type [class org.springframework.web.servlet.resource.ResourceHttpRequestHandler]
2020-05-27 12:45:04.634  INFO 80 --- [main] o.s.w.s.handler.SimpleUrlHandlerMapping  : Mapped URL path [/**] onto handler of type [class org.springframework.web.servlet.resource.ResourceHttpRequestHandler]
2020-05-27 12:45:04.765  INFO 80 --- [main] o.s.w.s.handler.SimpleUrlHandlerMapping  : Mapped URL path [/**/favicon.ico] onto handler of type [class org.springframework.web.servlet.resource.ResourceHttpRequestHandler]
2020-05-27 12:45:05.825  INFO 80 --- [main] b.a.s.AuthenticationManagerConfiguration : 

Using default security password: 41ab6697-a75c-43d7-85be-9748f731d721

2020-05-27 12:45:05.963  INFO 80 --- [main] o.s.s.web.DefaultSecurityFilterChain     : Creating filter chain: OrRequestMatcher [requestMatchers=[Ant [pattern='/css/**'], Ant [pattern='/js/**'], Ant [pattern='/images/**'], Ant [pattern='/webjars/**'], Ant [pattern='/**/favicon.ico'], Ant [pattern='/error']]], []
2020-05-27 12:45:05.965  INFO 80 --- [main] o.s.s.web.DefaultSecurityFilterChain     : Creating filter chain: org.springframework.boot.actuate.autoconfigure.ManagementWebSecurityAutoConfiguration$LazyEndpointPathRequestMatcher@25b20860, []
2020-05-27 12:45:06.186  INFO 80 --- [main] o.s.s.web.DefaultSecurityFilterChain     : Creating filter chain: org.springframework.boot.autoconfigure.security.SpringBootWebSecurityConfiguration$ApplicationNoWebSecurityConfigurerAdapter$1@20be793a, [org.springframework.security.web.context.request.async.WebAsyncManagerIntegrationFilter@2a4cb8ae, org.springframework.security.web.context.SecurityContextPersistenceFilter@34652065, org.springframework.security.web.header.HeaderWriterFilter@146add7b, org.springframework.security.web.csrf.CsrfFilter@4e357792, org.springframework.security.web.authentication.logout.LogoutFilter@6c49ea0c, org.springframework.security.web.savedrequest.RequestCacheAwareFilter@5e763c07, org.springframework.security.web.servletapi.SecurityContextHolderAwareRequestFilter@6b899971, org.springframework.security.web.authentication.AnonymousAuthenticationFilter@9763e61, org.springframework.security.web.session.SessionManagementFilter@771d4db, org.springframework.security.web.access.ExceptionTranslationFilter@432eb882]
2020-05-27 12:45:07.761  WARN 80 --- [main] .s.b.a.a.EndpointWebMvcAutoConfiguration : Could not start embedded management container on different port (management endpoints are still available through JMX)
2020-05-27 12:45:07.769  INFO 80 --- [main] o.s.c.support.DefaultLifecycleProcessor  : Starting beans in phase 2147483647
2020-05-27 12:45:07.770  INFO 80 --- [main] d.s.w.p.DocumentationPluginsBootstrapper : Context refreshed
2020-05-27 12:45:07.825  INFO 80 --- [main] d.s.w.p.DocumentationPluginsBootstrapper : Found 1 custom documentation plugin(s)
2020-05-27 12:45:07.847  INFO 80 --- [main] s.d.s.w.s.ApiListingReferenceScanner     : Scanning for api listing references
2020-05-27 12:45:08.561  INFO 80 --- [main] c.m.example.test.HotelControllerTest     : Started HotelControllerTest in 22.431 seconds (JVM running for 25.299)
2020-05-27 12:45:08.871  INFO 80 --- [main] o.s.b.t.m.w.SpringBootMockServletContext : Initializing Spring FrameworkServlet ''
2020-05-27 12:45:08.872  INFO 80 --- [main] o.s.t.web.servlet.TestDispatcherServlet  : FrameworkServlet '': initialization started
2020-05-27 12:45:08.928  INFO 80 --- [main] o.s.t.web.servlet.TestDispatcherServlet  : FrameworkServlet '': initialization completed in 56 ms
2020-05-27 12:45:09.191  INFO 80 --- [main] com.mahesh.example.RestControllerAspect  : :::::AOP Before REST call:::::execution(void com.mahesh.example.api.rest.HotelController.createHotel(Hotel,HttpServletRequest,HttpServletResponse))
2020-05-27 12:45:09.364  INFO 80 --- [main] com.mahesh.example.RestControllerAspect  : :::::AOP Before REST call:::::execution(Hotel com.mahesh.example.api.rest.HotelController.getHotel(Long,HttpServletRequest,HttpServletResponse))
2020-05-27 12:45:09.580  INFO 80 --- [main] com.mahesh.example.RestControllerAspect  : :::::AOP Before REST call:::::execution(void com.mahesh.example.api.rest.HotelController.deleteHotel(Long,HttpServletRequest,HttpServletResponse))
2020-05-27 12:45:09.628  INFO 80 --- [main] com.mahesh.example.RestControllerAspect  : :::::AOP Before REST call:::::execution(Hotel com.mahesh.example.api.rest.HotelController.getHotel(Long,HttpServletRequest,HttpServletResponse))
2020-05-27 12:45:09.640  INFO 80 --- [main] c.m.example.api.rest.HotelController     : ResourceNotFoundException handler:resource not found
2020-05-27 12:45:09.657  INFO 80 --- [main] o.s.b.t.m.w.SpringBootMockServletContext : Initializing Spring FrameworkServlet ''
2020-05-27 12:45:09.658  INFO 80 --- [main] o.s.t.web.servlet.TestDispatcherServlet  : FrameworkServlet '': initialization started
2020-05-27 12:45:09.664  INFO 80 --- [main] o.s.t.web.servlet.TestDispatcherServlet  : FrameworkServlet '': initialization completed in 6 ms
2020-05-27 12:45:09.706  INFO 80 --- [main] com.mahesh.example.RestControllerAspect  : :::::AOP Before REST call:::::execution(void com.mahesh.example.api.rest.HotelController.createHotel(Hotel,HttpServletRequest,HttpServletResponse))
2020-05-27 12:45:09.713  INFO 80 --- [main] com.mahesh.example.RestControllerAspect  : :::::AOP Before REST call:::::execution(void com.mahesh.example.api.rest.HotelController.updateHotel(Long,Hotel,HttpServletRequest,HttpServletResponse))
2020-05-27 12:45:09.731  INFO 80 --- [main] com.mahesh.example.RestControllerAspect  : :::::AOP Before REST call:::::execution(Hotel com.mahesh.example.api.rest.HotelController.getHotel(Long,HttpServletRequest,HttpServletResponse))
2020-05-27 12:45:09.775  INFO 80 --- [main] com.mahesh.example.RestControllerAspect  : :::::AOP Before REST call:::::execution(void com.mahesh.example.api.rest.HotelController.deleteHotel(Long,HttpServletRequest,HttpServletResponse))
2020-05-27 12:45:10.145  INFO 80 --- [Thread-4] o.s.w.c.s.GenericWebApplicationContext   : Closing org.springframework.web.context.support.GenericWebApplicationContext@65f8f5ae: startup date [Wed May 27 12:44:47 IST 2020]; root of context hierarchy
2020-05-27 12:45:10.150  INFO 80 --- [Thread-4] o.s.c.support.DefaultLifecycleProcessor  : Stopping beans in phase 2147483647
2020-05-27 12:45:10.168  INFO 80 --- [Thread-4] j.LocalContainerEntityManagerFactoryBean : Closing JPA EntityManagerFactory for persistence unit 'default'
2020-05-27 12:45:10.168  INFO 80 --- [Thread-4] org.hibernate.tool.hbm2ddl.SchemaExport  : HHH000227: Running hbm2ddl schema export
2020-05-27 12:45:10.179 ERROR 80 --- [Thread-4] org.hibernate.tool.hbm2ddl.SchemaExport  : HHH000231: Schema export unsuccessful

org.h2.jdbc.JdbcSQLException: Database is already closed (to disable automatic closing at VM shutdown, add ";DB_CLOSE_ON_EXIT=FALSE" to the db URL) [90121-193]
	at org.h2.message.DbException.getJdbcSQLException(DbException.java:345) ~[h2-1.4.193.jar:1.4.193]
	at org.h2.message.DbException.get(DbException.java:179) ~[h2-1.4.193.jar:1.4.193]
	at org.h2.message.DbException.get(DbException.java:155) ~[h2-1.4.193.jar:1.4.193]
	at org.h2.message.DbException.get(DbException.java:144) ~[h2-1.4.193.jar:1.4.193]
	at org.h2.jdbc.JdbcConnection.checkClosed(JdbcConnection.java:1483) ~[h2-1.4.193.jar:1.4.193]
	at org.h2.jdbc.JdbcConnection.checkClosed(JdbcConnection.java:1458) ~[h2-1.4.193.jar:1.4.193]
	at org.h2.jdbc.JdbcConnection.getAutoCommit(JdbcConnection.java:457) ~[h2-1.4.193.jar:1.4.193]
	at sun.reflect.NativeMethodAccessorImpl.invoke0(Native Method) ~[na:1.8.0_92]
	at sun.reflect.NativeMethodAccessorImpl.invoke(NativeMethodAccessorImpl.java:62) ~[na:1.8.0_92]
	at sun.reflect.DelegatingMethodAccessorImpl.invoke(DelegatingMethodAccessorImpl.java:43) ~[na:1.8.0_92]
	at java.lang.reflect.Method.invoke(Method.java:498) ~[na:1.8.0_92]
	at org.apache.tomcat.jdbc.pool.ProxyConnection.invoke(ProxyConnection.java:126) ~[tomcat-jdbc-8.5.23.jar:na]
	at org.apache.tomcat.jdbc.pool.JdbcInterceptor.invoke(JdbcInterceptor.java:108) ~[tomcat-jdbc-8.5.23.jar:na]
	at org.apache.tomcat.jdbc.pool.interceptor.AbstractCreateStatementInterceptor.invoke(AbstractCreateStatementInterceptor.java:79) ~[tomcat-jdbc-8.5.23.jar:na]
	at org.apache.tomcat.jdbc.pool.JdbcInterceptor.invoke(JdbcInterceptor.java:108) ~[tomcat-jdbc-8.5.23.jar:na]
	at org.apache.tomcat.jdbc.pool.DisposableConnectionFacade.invoke(DisposableConnectionFacade.java:81) ~[tomcat-jdbc-8.5.23.jar:na]
	at com.sun.proxy.$Proxy97.getAutoCommit(Unknown Source) ~[na:na]
	at org.hibernate.tool.hbm2ddl.SuppliedConnectionProviderConnectionHelper.prepare(SuppliedConnectionProviderConnectionHelper.java:34) ~[hibernate-core-5.0.12.Final.jar:5.0.12.Final]
	at org.hibernate.tool.hbm2ddl.DatabaseExporter.<init>(DatabaseExporter.java:35) ~[hibernate-core-5.0.12.Final.jar:5.0.12.Final]
	at org.hibernate.tool.hbm2ddl.SchemaExport.execute(SchemaExport.java:425) ~[hibernate-core-5.0.12.Final.jar:5.0.12.Final]
	at org.hibernate.tool.hbm2ddl.SchemaExport.drop(SchemaExport.java:375) ~[hibernate-core-5.0.12.Final.jar:5.0.12.Final]
	at org.hibernate.tool.hbm2ddl.SchemaExport.drop(SchemaExport.java:371) ~[hibernate-core-5.0.12.Final.jar:5.0.12.Final]
	at org.hibernate.internal.SessionFactoryImpl.close(SessionFactoryImpl.java:1081) ~[hibernate-core-5.0.12.Final.jar:5.0.12.Final]
	at org.hibernate.jpa.internal.EntityManagerFactoryImpl.close(EntityManagerFactoryImpl.java:347) ~[hibernate-entitymanager-5.0.12.Final.jar:5.0.12.Final]
	at sun.reflect.NativeMethodAccessorImpl.invoke0(Native Method) ~[na:1.8.0_92]
	at sun.reflect.NativeMethodAccessorImpl.invoke(NativeMethodAccessorImpl.java:62) ~[na:1.8.0_92]
	at sun.reflect.DelegatingMethodAccessorImpl.invoke(DelegatingMethodAccessorImpl.java:43) ~[na:1.8.0_92]
	at java.lang.reflect.Method.invoke(Method.java:498) ~[na:1.8.0_92]
	at org.springframework.orm.jpa.AbstractEntityManagerFactoryBean.invokeProxyMethod(AbstractEntityManagerFactoryBean.java:473) [spring-orm-4.3.13.RELEASE.jar:4.3.13.RELEASE]
	at org.springframework.orm.jpa.AbstractEntityManagerFactoryBean$ManagedEntityManagerFactoryInvocationHandler.invoke(AbstractEntityManagerFactoryBean.java:645) [spring-orm-4.3.13.RELEASE.jar:4.3.13.RELEASE]
	at com.sun.proxy.$Proxy107.close(Unknown Source) [na:na]
	at org.springframework.orm.jpa.AbstractEntityManagerFactoryBean.destroy(AbstractEntityManagerFactoryBean.java:565) [spring-orm-4.3.13.RELEASE.jar:4.3.13.RELEASE]
	at org.springframework.beans.factory.support.DisposableBeanAdapter.destroy(DisposableBeanAdapter.java:272) [spring-beans-4.3.13.RELEASE.jar:4.3.13.RELEASE]
	at org.springframework.beans.factory.support.DefaultSingletonBeanRegistry.destroyBean(DefaultSingletonBeanRegistry.java:578) [spring-beans-4.3.13.RELEASE.jar:4.3.13.RELEASE]
	at org.springframework.beans.factory.support.DefaultSingletonBeanRegistry.destroySingleton(DefaultSingletonBeanRegistry.java:554) [spring-beans-4.3.13.RELEASE.jar:4.3.13.RELEASE]
	at org.springframework.beans.factory.support.DefaultListableBeanFactory.destroySingleton(DefaultListableBeanFactory.java:961) [spring-beans-4.3.13.RELEASE.jar:4.3.13.RELEASE]
	at org.springframework.beans.factory.support.DefaultSingletonBeanRegistry.destroySingletons(DefaultSingletonBeanRegistry.java:523) [spring-beans-4.3.13.RELEASE.jar:4.3.13.RELEASE]
	at org.springframework.beans.factory.support.FactoryBeanRegistrySupport.destroySingletons(FactoryBeanRegistrySupport.java:230) [spring-beans-4.3.13.RELEASE.jar:4.3.13.RELEASE]
	at org.springframework.beans.factory.support.DefaultListableBeanFactory.destroySingletons(DefaultListableBeanFactory.java:968) [spring-beans-4.3.13.RELEASE.jar:4.3.13.RELEASE]
	at org.springframework.context.support.AbstractApplicationContext.destroyBeans(AbstractApplicationContext.java:1032) [spring-context-4.3.13.RELEASE.jar:4.3.13.RELEASE]
	at org.springframework.context.support.AbstractApplicationContext.doClose(AbstractApplicationContext.java:1008) [spring-context-4.3.13.RELEASE.jar:4.3.13.RELEASE]
	at org.springframework.context.support.AbstractApplicationContext$2.run(AbstractApplicationContext.java:929) [spring-context-4.3.13.RELEASE.jar:4.3.13.RELEASE]

2020-05-27 12:45:10.180  INFO 80 --- [Thread-4] org.hibernate.tool.hbm2ddl.SchemaExport  : HHH000230: Schema export complete
2020-05-27 12:56:23.885  INFO 16816 --- [main] c.m.example.test.HotelControllerTest     : Starting HotelControllerTest on LIN37000211 with PID 16816 (started by mahbalas in C:\Users\mahbalas\Backup\D Drive\mahesh\Documents\Java_Docs\spring-boot-rest-example-master)
2020-05-27 12:56:23.887  INFO 16816 --- [main] c.m.example.test.HotelControllerTest     : The following profiles are active: test
2020-05-27 12:56:23.978  INFO 16816 --- [main] o.s.w.c.s.GenericWebApplicationContext   : Refreshing org.springframework.web.context.support.GenericWebApplicationContext@63376bed: startup date [Wed May 27 12:56:23 IST 2020]; root of context hierarchy
2020-05-27 12:56:29.921  INFO 16816 --- [main] trationDelegate$BeanPostProcessorChecker : Bean 'org.springframework.transaction.annotation.ProxyTransactionManagementConfiguration' of type [org.springframework.transaction.annotation.ProxyTransactionManagementConfiguration$$EnhancerBySpringCGLIB$$c921f699] is not eligible for getting processed by all BeanPostProcessors (for example: not eligible for auto-proxying)
2020-05-27 12:56:32.100  INFO 16816 --- [main] j.LocalContainerEntityManagerFactoryBean : Building JPA container EntityManagerFactory for persistence unit 'default'
2020-05-27 12:56:32.148  INFO 16816 --- [main] o.hibernate.jpa.internal.util.LogHelper  : HHH000204: Processing PersistenceUnitInfo [
	name: default
	...]
2020-05-27 12:56:32.424  INFO 16816 --- [main] org.hibernate.Version                    : HHH000412: Hibernate Core {5.0.12.Final}
2020-05-27 12:56:32.428  INFO 16816 --- [main] org.hibernate.cfg.Environment            : HHH000206: hibernate.properties not found
2020-05-27 12:56:32.431  INFO 16816 --- [main] org.hibernate.cfg.Environment            : HHH000021: Bytecode provider name : javassist
2020-05-27 12:56:32.764  INFO 16816 --- [main] o.hibernate.annotations.common.Version   : HCANN000001: Hibernate Commons Annotations {5.0.1.Final}
2020-05-27 12:56:33.102  INFO 16816 --- [main] org.hibernate.dialect.Dialect            : HHH000400: Using dialect: org.hibernate.dialect.H2Dialect
2020-05-27 12:56:35.575  INFO 16816 --- [main] org.hibernate.tool.hbm2ddl.SchemaExport  : HHH000227: Running hbm2ddl schema export
2020-05-27 12:56:35.619  INFO 16816 --- [main] org.hibernate.tool.hbm2ddl.SchemaExport  : HHH000230: Schema export complete
2020-05-27 12:56:35.745  INFO 16816 --- [main] j.LocalContainerEntityManagerFactoryBean : Initialized JPA EntityManagerFactory for persistence unit 'default'
2020-05-27 12:56:37.357  WARN 16816 --- [main] figurationPropertiesBindingPostProcessor : The @ConfigurationProperties bean class com.mahesh.example.service.ServiceProperties contains validation constraints but had not been annotated with @Validated.
2020-05-27 12:56:37.363  WARN 16816 --- [main] figurationPropertiesBindingPostProcessor : The @ConfigurationProperties bean class com.mahesh.example.service.ServiceProperties contains validation constraints but had not been annotated with @Validated.
2020-05-27 12:56:37.364  WARN 16816 --- [main] figurationPropertiesBindingPostProcessor : The @ConfigurationProperties bean class com.mahesh.example.service.ServiceProperties contains validation constraints but had not been annotated with @Validated.
2020-05-27 12:56:39.263  INFO 16816 --- [main] s.w.s.m.m.a.RequestMappingHandlerMapping : Mapped "{[/example/v1/hotels],methods=[POST],consumes=[application/json || application/xml],produces=[application/json || application/xml]}" onto public void com.mahesh.example.api.rest.HotelController.createHotel(com.mahesh.example.domain.Hotel,javax.servlet.http.HttpServletRequest,javax.servlet.http.HttpServletResponse)
2020-05-27 12:56:39.267  INFO 16816 --- [main] s.w.s.m.m.a.RequestMappingHandlerMapping : Mapped "{[/example/v1/hotels/{id}],methods=[GET],produces=[application/json || application/xml]}" onto public com.mahesh.example.domain.Hotel com.mahesh.example.api.rest.HotelController.getHotel(java.lang.Long,javax.servlet.http.HttpServletRequest,javax.servlet.http.HttpServletResponse) throws java.lang.Exception
2020-05-27 12:56:39.269  INFO 16816 --- [main] s.w.s.m.m.a.RequestMappingHandlerMapping : Mapped "{[/example/v1/hotels],methods=[GET],produces=[application/json || application/xml]}" onto public org.springframework.data.domain.Page<com.mahesh.example.domain.Hotel> com.mahesh.example.api.rest.HotelController.getAllHotel(java.lang.Integer,java.lang.Integer,javax.servlet.http.HttpServletRequest,javax.servlet.http.HttpServletResponse)
2020-05-27 12:56:39.270  INFO 16816 --- [main] s.w.s.m.m.a.RequestMappingHandlerMapping : Mapped "{[/example/v1/hotels/{id}],methods=[DELETE],produces=[application/json || application/xml]}" onto public void com.mahesh.example.api.rest.HotelController.deleteHotel(java.lang.Long,javax.servlet.http.HttpServletRequest,javax.servlet.http.HttpServletResponse)
2020-05-27 12:56:39.272  INFO 16816 --- [main] s.w.s.m.m.a.RequestMappingHandlerMapping : Mapped "{[/example/v1/hotels/{id}],methods=[PUT],consumes=[application/json || application/xml],produces=[application/json || application/xml]}" onto public void com.mahesh.example.api.rest.HotelController.updateHotel(java.lang.Long,com.mahesh.example.domain.Hotel,javax.servlet.http.HttpServletRequest,javax.servlet.http.HttpServletResponse)
2020-05-27 12:56:39.280  INFO 16816 --- [main] s.w.s.m.m.a.RequestMappingHandlerMapping : Mapped "{[/v2/api-docs],methods=[GET],produces=[application/json || application/hal+json]}" onto public org.springframework.http.ResponseEntity<springfox.documentation.spring.web.json.Json> springfox.documentation.swagger2.web.Swagger2Controller.getDocumentation(java.lang.String,javax.servlet.http.HttpServletRequest)
2020-05-27 12:56:39.292  INFO 16816 --- [main] s.w.s.m.m.a.RequestMappingHandlerMapping : Mapped "{[/swagger-resources/configuration/ui]}" onto org.springframework.http.ResponseEntity<springfox.documentation.swagger.web.UiConfiguration> springfox.documentation.swagger.web.ApiResourceController.uiConfiguration()
2020-05-27 12:56:39.294  INFO 16816 --- [main] s.w.s.m.m.a.RequestMappingHandlerMapping : Mapped "{[/swagger-resources]}" onto org.springframework.http.ResponseEntity<java.util.List<springfox.documentation.swagger.web.SwaggerResource>> springfox.documentation.swagger.web.ApiResourceController.swaggerResources()
2020-05-27 12:56:39.295  INFO 16816 --- [main] s.w.s.m.m.a.RequestMappingHandlerMapping : Mapped "{[/swagger-resources/configuration/security]}" onto org.springframework.http.ResponseEntity<springfox.documentation.swagger.web.SecurityConfiguration> springfox.documentation.swagger.web.ApiResourceController.securityConfiguration()
2020-05-27 12:56:39.302  INFO 16816 --- [main] s.w.s.m.m.a.RequestMappingHandlerMapping : Mapped "{[/error]}" onto public org.springframework.http.ResponseEntity<java.util.Map<java.lang.String, java.lang.Object>> org.springframework.boot.autoconfigure.web.BasicErrorController.error(javax.servlet.http.HttpServletRequest)
2020-05-27 12:56:39.303  INFO 16816 --- [main] s.w.s.m.m.a.RequestMappingHandlerMapping : Mapped "{[/error],produces=[text/html]}" onto public org.springframework.web.servlet.ModelAndView org.springframework.boot.autoconfigure.web.BasicErrorController.errorHtml(javax.servlet.http.HttpServletRequest,javax.servlet.http.HttpServletResponse)
2020-05-27 12:56:41.884  INFO 16816 --- [main] s.w.s.m.m.a.RequestMappingHandlerAdapter : Looking for @ControllerAdvice: org.springframework.web.context.support.GenericWebApplicationContext@63376bed: startup date [Wed May 27 12:56:23 IST 2020]; root of context hierarchy
2020-05-27 12:56:42.185  INFO 16816 --- [main] o.s.w.s.handler.SimpleUrlHandlerMapping  : Mapped URL path [/webjars/**] onto handler of type [class org.springframework.web.servlet.resource.ResourceHttpRequestHandler]
2020-05-27 12:56:42.187  INFO 16816 --- [main] o.s.w.s.handler.SimpleUrlHandlerMapping  : Mapped URL path [/**] onto handler of type [class org.springframework.web.servlet.resource.ResourceHttpRequestHandler]
2020-05-27 12:56:42.340  INFO 16816 --- [main] o.s.w.s.handler.SimpleUrlHandlerMapping  : Mapped URL path [/**/favicon.ico] onto handler of type [class org.springframework.web.servlet.resource.ResourceHttpRequestHandler]
2020-05-27 12:56:43.719  INFO 16816 --- [main] b.a.s.AuthenticationManagerConfiguration : 

Using default security password: d4e22a1d-df40-4190-9da8-ac3212d882b6

2020-05-27 12:56:43.901  INFO 16816 --- [main] o.s.s.web.DefaultSecurityFilterChain     : Creating filter chain: OrRequestMatcher [requestMatchers=[Ant [pattern='/css/**'], Ant [pattern='/js/**'], Ant [pattern='/images/**'], Ant [pattern='/webjars/**'], Ant [pattern='/**/favicon.ico'], Ant [pattern='/error']]], []
2020-05-27 12:56:43.902  INFO 16816 --- [main] o.s.s.web.DefaultSecurityFilterChain     : Creating filter chain: org.springframework.boot.actuate.autoconfigure.ManagementWebSecurityAutoConfiguration$LazyEndpointPathRequestMatcher@70421a08, []
2020-05-27 12:56:44.186  INFO 16816 --- [main] o.s.s.web.DefaultSecurityFilterChain     : Creating filter chain: org.springframework.boot.autoconfigure.security.SpringBootWebSecurityConfiguration$ApplicationNoWebSecurityConfigurerAdapter$1@67b3960b, [org.springframework.security.web.context.request.async.WebAsyncManagerIntegrationFilter@415262a0, org.springframework.security.web.context.SecurityContextPersistenceFilter@5ac0bf84, org.springframework.security.web.header.HeaderWriterFilter@4d0abb23, org.springframework.security.web.csrf.CsrfFilter@6706da3d, org.springframework.security.web.authentication.logout.LogoutFilter@68360fb9, org.springframework.security.web.savedrequest.RequestCacheAwareFilter@47c5cbf2, org.springframework.security.web.servletapi.SecurityContextHolderAwareRequestFilter@31dbf5bb, org.springframework.security.web.authentication.AnonymousAuthenticationFilter@19c1f6f4, org.springframework.security.web.session.SessionManagementFilter@3580134d, org.springframework.security.web.access.ExceptionTranslationFilter@66682e8f]
2020-05-27 12:56:46.059  WARN 16816 --- [main] .s.b.a.a.EndpointWebMvcAutoConfiguration : Could not start embedded management container on different port (management endpoints are still available through JMX)
2020-05-27 12:56:46.072  INFO 16816 --- [main] o.s.c.support.DefaultLifecycleProcessor  : Starting beans in phase 2147483647
2020-05-27 12:56:46.073  INFO 16816 --- [main] d.s.w.p.DocumentationPluginsBootstrapper : Context refreshed
2020-05-27 12:56:46.148  INFO 16816 --- [main] d.s.w.p.DocumentationPluginsBootstrapper : Found 1 custom documentation plugin(s)
2020-05-27 12:56:46.177  INFO 16816 --- [main] s.d.s.w.s.ApiListingReferenceScanner     : Scanning for api listing references
2020-05-27 12:56:46.672  INFO 16816 --- [main] c.m.example.test.HotelControllerTest     : Started HotelControllerTest in 23.804 seconds (JVM running for 28.78)
2020-05-27 12:56:46.975  INFO 16816 --- [main] o.s.b.t.m.w.SpringBootMockServletContext : Initializing Spring FrameworkServlet ''
2020-05-27 12:56:46.976  INFO 16816 --- [main] o.s.t.web.servlet.TestDispatcherServlet  : FrameworkServlet '': initialization started
2020-05-27 12:56:47.172  INFO 16816 --- [main] o.s.t.web.servlet.TestDispatcherServlet  : FrameworkServlet '': initialization completed in 195 ms
2020-05-27 12:56:47.610  INFO 16816 --- [main] com.mahesh.example.RestControllerAspect  : :::::AOP Before REST call:::::execution(void com.mahesh.example.api.rest.HotelController.createHotel(Hotel,HttpServletRequest,HttpServletResponse))
2020-05-27 12:56:47.777  INFO 16816 --- [main] com.mahesh.example.RestControllerAspect  : :::::AOP Before REST call:::::execution(Hotel com.mahesh.example.api.rest.HotelController.getHotel(Long,HttpServletRequest,HttpServletResponse))
2020-05-27 12:56:47.904  INFO 16816 --- [main] com.mahesh.example.RestControllerAspect  : :::::AOP Before REST call:::::execution(void com.mahesh.example.api.rest.HotelController.deleteHotel(Long,HttpServletRequest,HttpServletResponse))
2020-05-27 12:56:47.952  INFO 16816 --- [main] com.mahesh.example.RestControllerAspect  : :::::AOP Before REST call:::::execution(Hotel com.mahesh.example.api.rest.HotelController.getHotel(Long,HttpServletRequest,HttpServletResponse))
2020-05-27 12:56:47.967  INFO 16816 --- [main] c.m.example.api.rest.HotelController     : ResourceNotFoundException handler:resource not found
2020-05-27 12:56:47.998  INFO 16816 --- [main] o.s.b.t.m.w.SpringBootMockServletContext : Initializing Spring FrameworkServlet ''
2020-05-27 12:56:47.999  INFO 16816 --- [main] o.s.t.web.servlet.TestDispatcherServlet  : FrameworkServlet '': initialization started
2020-05-27 12:56:48.012  INFO 16816 --- [main] o.s.t.web.servlet.TestDispatcherServlet  : FrameworkServlet '': initialization completed in 12 ms
2020-05-27 12:56:48.016  INFO 16816 --- [main] com.mahesh.example.RestControllerAspect  : :::::AOP Before REST call:::::execution(void com.mahesh.example.api.rest.HotelController.createHotel(Hotel,HttpServletRequest,HttpServletResponse))
2020-05-27 12:56:48.033  INFO 16816 --- [main] com.mahesh.example.RestControllerAspect  : :::::AOP Before REST call:::::execution(void com.mahesh.example.api.rest.HotelController.updateHotel(Long,Hotel,HttpServletRequest,HttpServletResponse))
2020-05-27 12:56:48.060  INFO 16816 --- [main] com.mahesh.example.RestControllerAspect  : :::::AOP Before REST call:::::execution(Hotel com.mahesh.example.api.rest.HotelController.getHotel(Long,HttpServletRequest,HttpServletResponse))
2020-05-27 12:56:48.072  INFO 16816 --- [main] com.mahesh.example.RestControllerAspect  : :::::AOP Before REST call:::::execution(void com.mahesh.example.api.rest.HotelController.deleteHotel(Long,HttpServletRequest,HttpServletResponse))
2020-05-27 12:56:48.115  INFO 16816 --- [Thread-4] o.s.w.c.s.GenericWebApplicationContext   : Closing org.springframework.web.context.support.GenericWebApplicationContext@63376bed: startup date [Wed May 27 12:56:23 IST 2020]; root of context hierarchy
2020-05-27 12:56:48.123  INFO 16816 --- [Thread-4] o.s.c.support.DefaultLifecycleProcessor  : Stopping beans in phase 2147483647
2020-05-27 12:56:48.162  INFO 16816 --- [Thread-4] j.LocalContainerEntityManagerFactoryBean : Closing JPA EntityManagerFactory for persistence unit 'default'
2020-05-27 12:56:48.162  INFO 16816 --- [Thread-4] org.hibernate.tool.hbm2ddl.SchemaExport  : HHH000227: Running hbm2ddl schema export
2020-05-27 12:56:48.174 ERROR 16816 --- [Thread-4] org.hibernate.tool.hbm2ddl.SchemaExport  : HHH000231: Schema export unsuccessful

org.h2.jdbc.JdbcSQLException: Database is already closed (to disable automatic closing at VM shutdown, add ";DB_CLOSE_ON_EXIT=FALSE" to the db URL) [90121-193]
	at org.h2.message.DbException.getJdbcSQLException(DbException.java:345) ~[h2-1.4.193.jar:1.4.193]
	at org.h2.message.DbException.get(DbException.java:179) ~[h2-1.4.193.jar:1.4.193]
	at org.h2.message.DbException.get(DbException.java:155) ~[h2-1.4.193.jar:1.4.193]
	at org.h2.message.DbException.get(DbException.java:144) ~[h2-1.4.193.jar:1.4.193]
	at org.h2.jdbc.JdbcConnection.checkClosed(JdbcConnection.java:1483) ~[h2-1.4.193.jar:1.4.193]
	at org.h2.jdbc.JdbcConnection.checkClosed(JdbcConnection.java:1458) ~[h2-1.4.193.jar:1.4.193]
	at org.h2.jdbc.JdbcConnection.getAutoCommit(JdbcConnection.java:457) ~[h2-1.4.193.jar:1.4.193]
	at sun.reflect.NativeMethodAccessorImpl.invoke0(Native Method) ~[na:1.8.0_92]
	at sun.reflect.NativeMethodAccessorImpl.invoke(NativeMethodAccessorImpl.java:62) ~[na:1.8.0_92]
	at sun.reflect.DelegatingMethodAccessorImpl.invoke(DelegatingMethodAccessorImpl.java:43) ~[na:1.8.0_92]
	at java.lang.reflect.Method.invoke(Method.java:498) ~[na:1.8.0_92]
	at org.apache.tomcat.jdbc.pool.ProxyConnection.invoke(ProxyConnection.java:126) ~[tomcat-jdbc-8.5.23.jar:na]
	at org.apache.tomcat.jdbc.pool.JdbcInterceptor.invoke(JdbcInterceptor.java:108) ~[tomcat-jdbc-8.5.23.jar:na]
	at org.apache.tomcat.jdbc.pool.interceptor.AbstractCreateStatementInterceptor.invoke(AbstractCreateStatementInterceptor.java:79) ~[tomcat-jdbc-8.5.23.jar:na]
	at org.apache.tomcat.jdbc.pool.JdbcInterceptor.invoke(JdbcInterceptor.java:108) ~[tomcat-jdbc-8.5.23.jar:na]
	at org.apache.tomcat.jdbc.pool.DisposableConnectionFacade.invoke(DisposableConnectionFacade.java:81) ~[tomcat-jdbc-8.5.23.jar:na]
	at com.sun.proxy.$Proxy97.getAutoCommit(Unknown Source) ~[na:na]
	at org.hibernate.tool.hbm2ddl.SuppliedConnectionProviderConnectionHelper.prepare(SuppliedConnectionProviderConnectionHelper.java:34) ~[hibernate-core-5.0.12.Final.jar:5.0.12.Final]
	at org.hibernate.tool.hbm2ddl.DatabaseExporter.<init>(DatabaseExporter.java:35) ~[hibernate-core-5.0.12.Final.jar:5.0.12.Final]
	at org.hibernate.tool.hbm2ddl.SchemaExport.execute(SchemaExport.java:425) ~[hibernate-core-5.0.12.Final.jar:5.0.12.Final]
	at org.hibernate.tool.hbm2ddl.SchemaExport.drop(SchemaExport.java:375) ~[hibernate-core-5.0.12.Final.jar:5.0.12.Final]
	at org.hibernate.tool.hbm2ddl.SchemaExport.drop(SchemaExport.java:371) ~[hibernate-core-5.0.12.Final.jar:5.0.12.Final]
	at org.hibernate.internal.SessionFactoryImpl.close(SessionFactoryImpl.java:1081) ~[hibernate-core-5.0.12.Final.jar:5.0.12.Final]
	at org.hibernate.jpa.internal.EntityManagerFactoryImpl.close(EntityManagerFactoryImpl.java:347) ~[hibernate-entitymanager-5.0.12.Final.jar:5.0.12.Final]
	at sun.reflect.NativeMethodAccessorImpl.invoke0(Native Method) ~[na:1.8.0_92]
	at sun.reflect.NativeMethodAccessorImpl.invoke(NativeMethodAccessorImpl.java:62) ~[na:1.8.0_92]
	at sun.reflect.DelegatingMethodAccessorImpl.invoke(DelegatingMethodAccessorImpl.java:43) ~[na:1.8.0_92]
	at java.lang.reflect.Method.invoke(Method.java:498) ~[na:1.8.0_92]
	at org.springframework.orm.jpa.AbstractEntityManagerFactoryBean.invokeProxyMethod(AbstractEntityManagerFactoryBean.java:473) [spring-orm-4.3.13.RELEASE.jar:4.3.13.RELEASE]
	at org.springframework.orm.jpa.AbstractEntityManagerFactoryBean$ManagedEntityManagerFactoryInvocationHandler.invoke(AbstractEntityManagerFactoryBean.java:645) [spring-orm-4.3.13.RELEASE.jar:4.3.13.RELEASE]
	at com.sun.proxy.$Proxy107.close(Unknown Source) [na:na]
	at org.springframework.orm.jpa.AbstractEntityManagerFactoryBean.destroy(AbstractEntityManagerFactoryBean.java:565) [spring-orm-4.3.13.RELEASE.jar:4.3.13.RELEASE]
	at org.springframework.beans.factory.support.DisposableBeanAdapter.destroy(DisposableBeanAdapter.java:272) [spring-beans-4.3.13.RELEASE.jar:4.3.13.RELEASE]
	at org.springframework.beans.factory.support.DefaultSingletonBeanRegistry.destroyBean(DefaultSingletonBeanRegistry.java:578) [spring-beans-4.3.13.RELEASE.jar:4.3.13.RELEASE]
	at org.springframework.beans.factory.support.DefaultSingletonBeanRegistry.destroySingleton(DefaultSingletonBeanRegistry.java:554) [spring-beans-4.3.13.RELEASE.jar:4.3.13.RELEASE]
	at org.springframework.beans.factory.support.DefaultListableBeanFactory.destroySingleton(DefaultListableBeanFactory.java:961) [spring-beans-4.3.13.RELEASE.jar:4.3.13.RELEASE]
	at org.springframework.beans.factory.support.DefaultSingletonBeanRegistry.destroySingletons(DefaultSingletonBeanRegistry.java:523) [spring-beans-4.3.13.RELEASE.jar:4.3.13.RELEASE]
	at org.springframework.beans.factory.support.FactoryBeanRegistrySupport.destroySingletons(FactoryBeanRegistrySupport.java:230) [spring-beans-4.3.13.RELEASE.jar:4.3.13.RELEASE]
	at org.springframework.beans.factory.support.DefaultListableBeanFactory.destroySingletons(DefaultListableBeanFactory.java:968) [spring-beans-4.3.13.RELEASE.jar:4.3.13.RELEASE]
	at org.springframework.context.support.AbstractApplicationContext.destroyBeans(AbstractApplicationContext.java:1032) [spring-context-4.3.13.RELEASE.jar:4.3.13.RELEASE]
	at org.springframework.context.support.AbstractApplicationContext.doClose(AbstractApplicationContext.java:1008) [spring-context-4.3.13.RELEASE.jar:4.3.13.RELEASE]
	at org.springframework.context.support.AbstractApplicationContext$2.run(AbstractApplicationContext.java:929) [spring-context-4.3.13.RELEASE.jar:4.3.13.RELEASE]

2020-05-27 12:56:48.176  INFO 16816 --- [Thread-4] org.hibernate.tool.hbm2ddl.SchemaExport  : HHH000230: Schema export complete
